

Started GET "/assets/rails.png" for 127.0.0.1 at 2013-10-14 18:18:35 -0600
Connecting to database specified by database.yml
Connecting to database specified by database.yml

LoadError (Please install the sqlite3 adapter: `gem install activerecord-sqlite3-adapter` (sqlite3 is not part of the bundle. Add it to Gemfile.)):
  bundler (1.3.5) lib/bundler/rubygems_integration.rb:214:in `block in replace_gem'
  activerecord (3.2.14) lib/active_record/connection_adapters/sqlite3_adapter.rb:3:in `<top (required)>'
  activesupport (3.2.14) lib/active_support/dependencies.rb:251:in `require'
  activesupport (3.2.14) lib/active_support/dependencies.rb:251:in `block in require'
  activesupport (3.2.14) lib/active_support/dependencies.rb:236:in `load_dependency'
  activesupport (3.2.14) lib/active_support/dependencies.rb:251:in `require'
  activerecord (3.2.14) lib/active_record/connection_adapters/abstract/connection_specification.rb:50:in `resolve_hash_connection'
  activerecord (3.2.14) lib/active_record/connection_adapters/abstract/connection_specification.rb:41:in `resolve_string_connection'
  activerecord (3.2.14) lib/active_record/connection_adapters/abstract/connection_specification.rb:25:in `spec'
  activerecord (3.2.14) lib/active_record/connection_adapters/abstract/connection_specification.rb:130:in `establish_connection'
  activerecord (3.2.14) lib/active_record/railtie.rb:88:in `block (2 levels) in <class:Railtie>'
  activesupport (3.2.14) lib/active_support/lazy_load_hooks.rb:36:in `instance_eval'
  activesupport (3.2.14) lib/active_support/lazy_load_hooks.rb:36:in `execute_hook'
  activesupport (3.2.14) lib/active_support/lazy_load_hooks.rb:43:in `block in run_load_hooks'
  activesupport (3.2.14) lib/active_support/lazy_load_hooks.rb:42:in `each'
  activesupport (3.2.14) lib/active_support/lazy_load_hooks.rb:42:in `run_load_hooks'
  activerecord (3.2.14) lib/active_record/base.rb:720:in `<top (required)>'
  activerecord (3.2.14) lib/active_record/query_cache.rb:67:in `rescue in call'
  activerecord (3.2.14) lib/active_record/query_cache.rb:61:in `call'
  activerecord (3.2.14) lib/active_record/connection_adapters/abstract/connection_pool.rb:479:in `call'
  actionpack (3.2.14) lib/action_dispatch/middleware/callbacks.rb:28:in `block in call'
  activesupport (3.2.14) lib/active_support/callbacks.rb:405:in `_run__3534226484218487392__call__2128172803132268501__callbacks'
  activesupport (3.2.14) lib/active_support/callbacks.rb:405:in `__run_callback'
  activesupport (3.2.14) lib/active_support/callbacks.rb:385:in `_run_call_callbacks'
  activesupport (3.2.14) lib/active_support/callbacks.rb:81:in `run_callbacks'
  actionpack (3.2.14) lib/action_dispatch/middleware/callbacks.rb:27:in `call'
  actionpack (3.2.14) lib/action_dispatch/middleware/reloader.rb:65:in `call'
  actionpack (3.2.14) lib/action_dispatch/middleware/remote_ip.rb:31:in `call'
  actionpack (3.2.14) lib/action_dispatch/middleware/debug_exceptions.rb:16:in `call'
  actionpack (3.2.14) lib/action_dispatch/middleware/show_exceptions.rb:56:in `call'
  railties (3.2.14) lib/rails/rack/logger.rb:32:in `call_app'
  railties (3.2.14) lib/rails/rack/logger.rb:16:in `block in call'
  activesupport (3.2.14) lib/active_support/tagged_logging.rb:22:in `tagged'
  railties (3.2.14) lib/rails/rack/logger.rb:16:in `call'
  actionpack (3.2.14) lib/action_dispatch/middleware/request_id.rb:22:in `call'
  rack (1.4.5) lib/rack/methodoverride.rb:21:in `call'
  rack (1.4.5) lib/rack/runtime.rb:17:in `call'
  activesupport (3.2.14) lib/active_support/cache/strategy/local_cache.rb:72:in `call'
  rack (1.4.5) lib/rack/lock.rb:15:in `call'
  actionpack (3.2.14) lib/action_dispatch/middleware/static.rb:63:in `call'
  railties (3.2.14) lib/rails/engine.rb:484:in `call'
  railties (3.2.14) lib/rails/application.rb:231:in `call'
  rack (1.4.5) lib/rack/content_length.rb:14:in `call'
  railties (3.2.14) lib/rails/rack/log_tailer.rb:17:in `call'
  rack (1.4.5) lib/rack/handler/webrick.rb:59:in `service'
  /Users/mdsouza/.rvm/rubies/ruby-2.0.0-p247/lib/ruby/2.0.0/webrick/httpserver.rb:138:in `service'
  /Users/mdsouza/.rvm/rubies/ruby-2.0.0-p247/lib/ruby/2.0.0/webrick/httpserver.rb:94:in `run'
  /Users/mdsouza/.rvm/rubies/ruby-2.0.0-p247/lib/ruby/2.0.0/webrick/server.rb:295:in `block in start_thread'


  Rendered /Users/mdsouza/.rvm/gems/ruby-2.0.0-p247@json-apis/gems/actionpack-3.2.14/lib/action_dispatch/middleware/templates/rescues/_trace.erb (0.9ms)
  Rendered /Users/mdsouza/.rvm/gems/ruby-2.0.0-p247@json-apis/gems/actionpack-3.2.14/lib/action_dispatch/middleware/templates/rescues/_request_and_response.erb (1.4ms)
  Rendered /Users/mdsouza/.rvm/gems/ruby-2.0.0-p247@json-apis/gems/actionpack-3.2.14/lib/action_dispatch/middleware/templates/rescues/diagnostics.erb within rescues/layout (9.3ms)
Connecting to database specified by database.yml


Started GET "/assets/rails.png" for 127.0.0.1 at 2013-10-14 18:20:22 -0600
Connecting to database specified by database.yml
Served asset /rails.png - 200 OK (2ms)
Connecting to database specified by database.yml
Connecting to database specified by database.yml
  [1m[36m (3.9ms)[0m  [1mCREATE TABLE "schema_migrations" ("version" character varying(255) NOT NULL) [0m
  [1m[35m (1.1ms)[0m  CREATE UNIQUE INDEX "unique_schema_migrations" ON "schema_migrations" ("version")
  [1m[36m (0.2ms)[0m  [1mSELECT "schema_migrations"."version" FROM "schema_migrations" [0m
Migrating to CreateCategories (20131015002153)
  [1m[35m (0.1ms)[0m  BEGIN
  [1m[36m (4.0ms)[0m  [1mCREATE TABLE "categories" ("id" serial primary key, "name" character varying(255), "description" text, "created_at" timestamp NOT NULL, "updated_at" timestamp NOT NULL) [0m
  [1m[35m (0.4ms)[0m  INSERT INTO "schema_migrations" ("version") VALUES ('20131015002153')
  [1m[36m (0.4ms)[0m  [1mCOMMIT[0m
  [1m[35m (0.2ms)[0m  SELECT "schema_migrations"."version" FROM "schema_migrations" 
Connecting to database specified by database.yml
Connecting to database specified by database.yml
  [1m[36m (0.3ms)[0m  [1mSELECT "schema_migrations"."version" FROM "schema_migrations" [0m
Migrating to CreateCategories (20131015002153)
Migrating to CreatePosts (20131015002323)
  [1m[35m (0.1ms)[0m  BEGIN
  [1m[36m (11.6ms)[0m  [1mCREATE TABLE "posts" ("id" serial primary key, "title" character varying(255), "body" text, "tags" character varying(255), "category_id" integer, "user_id" integer, "created_at" timestamp NOT NULL, "updated_at" timestamp NOT NULL) [0m
  [1m[35m (0.2ms)[0m  INSERT INTO "schema_migrations" ("version") VALUES ('20131015002323')
  [1m[36m (0.4ms)[0m  [1mCOMMIT[0m
  [1m[35m (0.1ms)[0m  SELECT "schema_migrations"."version" FROM "schema_migrations" 
Connecting to database specified by database.yml
Connecting to database specified by database.yml
  [1m[36m (0.4ms)[0m  [1mSELECT "schema_migrations"."version" FROM "schema_migrations" [0m
Migrating to CreateCategories (20131015002153)
Migrating to CreatePosts (20131015002323)
Migrating to CreateLikes (20131015002541)
  [1m[35m (0.1ms)[0m  BEGIN
  [1m[36m (2.9ms)[0m  [1mCREATE TABLE "likes" ("id" serial primary key, "post_id" integer, "user_id" integer, "created_at" timestamp NOT NULL, "updated_at" timestamp NOT NULL) [0m
  [1m[35m (0.2ms)[0m  INSERT INTO "schema_migrations" ("version") VALUES ('20131015002541')
  [1m[36m (0.5ms)[0m  [1mCOMMIT[0m
  [1m[35m (0.1ms)[0m  SELECT "schema_migrations"."version" FROM "schema_migrations" 
Connecting to database specified by database.yml
Connecting to database specified by database.yml
  [1m[36m (0.2ms)[0m  [1mSELECT "schema_migrations"."version" FROM "schema_migrations" [0m
Migrating to CreateCategories (20131015002153)
Migrating to CreatePosts (20131015002323)
Migrating to CreateLikes (20131015002541)
Migrating to CreateUsers (20131015002637)
  [1m[35m (0.1ms)[0m  BEGIN
  [1m[36m (5.5ms)[0m  [1mCREATE TABLE "likes" ("id" serial primary key, "first_name" character varying(255), "last_name" character varying(255), "created_at" timestamp NOT NULL, "updated_at" timestamp NOT NULL) [0m
PG::DuplicateTable: ERROR:  relation "likes" already exists
: CREATE TABLE "likes" ("id" serial primary key, "first_name" character varying(255), "last_name" character varying(255), "created_at" timestamp NOT NULL, "updated_at" timestamp NOT NULL) 
  [1m[35m (0.1ms)[0m  ROLLBACK
Connecting to database specified by database.yml
  [1m[36m (0.4ms)[0m  [1mSELECT "schema_migrations"."version" FROM "schema_migrations" [0m
Migrating to CreateCategories (20131015002153)
Migrating to CreatePosts (20131015002323)
Migrating to CreateLikes (20131015002541)
Migrating to CreateUsers (20131015002637)
  [1m[35m (0.1ms)[0m  BEGIN
  [1m[36m (3.9ms)[0m  [1mCREATE TABLE "users" ("id" serial primary key, "first_name" character varying(255), "last_name" character varying(255), "created_at" timestamp NOT NULL, "updated_at" timestamp NOT NULL) [0m
  [1m[35m (0.2ms)[0m  INSERT INTO "schema_migrations" ("version") VALUES ('20131015002637')
  [1m[36m (0.5ms)[0m  [1mCOMMIT[0m
  [1m[35m (0.1ms)[0m  SELECT "schema_migrations"."version" FROM "schema_migrations" 
Connecting to database specified by database.yml
  [1m[36m (0.4ms)[0m  [1mSELECT "schema_migrations"."version" FROM "schema_migrations" [0m
  [1m[35m (5038.1ms)[0m  DROP DATABASE IF EXISTS "jsonapis_development"
PG::ObjectInUse: ERROR:  database "jsonapis_development" is being accessed by other users
DETAIL:  There is 1 other session using the database.
: DROP DATABASE IF EXISTS "jsonapis_development"
Connecting to database specified by database.yml
  [1m[36m (0.5ms)[0m  [1mSELECT "schema_migrations"."version" FROM "schema_migrations" [0m
  [1m[35m (110.3ms)[0m  DROP DATABASE IF EXISTS "jsonapis_test"
  [1m[36m (226.4ms)[0m  [1mCREATE DATABASE "jsonapis_test" ENCODING = 'UTF8'[0m
  [1m[35m (6.0ms)[0m  CREATE TABLE "categories" ("id" serial primary key, "name" character varying(255), "description" text, "created_at" timestamp NOT NULL, "updated_at" timestamp NOT NULL) 
  [1m[36m (2.7ms)[0m  [1mCREATE TABLE "likes" ("id" serial primary key, "post_id" integer, "user_id" integer, "created_at" timestamp NOT NULL, "updated_at" timestamp NOT NULL) [0m
  [1m[35m (2.6ms)[0m  CREATE TABLE "posts" ("id" serial primary key, "title" character varying(255), "body" text, "tags" character varying(255), "category_id" integer, "user_id" integer, "created_at" timestamp NOT NULL, "updated_at" timestamp NOT NULL) 
  [1m[36m (2.5ms)[0m  [1mCREATE TABLE "users" ("id" serial primary key, "first_name" character varying(255), "last_name" character varying(255), "created_at" timestamp NOT NULL, "updated_at" timestamp NOT NULL) [0m
  [1m[35m (0.6ms)[0m  CREATE TABLE "schema_migrations" ("version" character varying(255) NOT NULL) 
  [1m[36m (0.9ms)[0m  [1mCREATE UNIQUE INDEX "unique_schema_migrations" ON "schema_migrations" ("version")[0m
  [1m[35m (0.3ms)[0m  SELECT version FROM "schema_migrations"
  [1m[36m (0.4ms)[0m  [1mINSERT INTO "schema_migrations" (version) VALUES ('20131015002637')[0m
  [1m[35m (0.4ms)[0m  INSERT INTO "schema_migrations" (version) VALUES ('20131015002153')
  [1m[36m (0.4ms)[0m  [1mINSERT INTO "schema_migrations" (version) VALUES ('20131015002323')[0m
  [1m[35m (0.3ms)[0m  INSERT INTO "schema_migrations" (version) VALUES ('20131015002541')
Connecting to database specified by database.yml
Connecting to database specified by database.yml
  [1m[36m (0.3ms)[0m  [1mSELECT "schema_migrations"."version" FROM "schema_migrations" [0m
  [1m[35m (265.4ms)[0m  DROP DATABASE IF EXISTS "jsonapis_test"
  [1m[36m (229.9ms)[0m  [1mCREATE DATABASE "jsonapis_test" ENCODING = 'UTF8'[0m
  [1m[35m (6.6ms)[0m  CREATE TABLE "categories" ("id" serial primary key, "name" character varying(255), "description" text, "created_at" timestamp NOT NULL, "updated_at" timestamp NOT NULL) 
  [1m[36m (1.7ms)[0m  [1mCREATE TABLE "likes" ("id" serial primary key, "post_id" integer, "user_id" integer, "created_at" timestamp NOT NULL, "updated_at" timestamp NOT NULL) [0m
  [1m[35m (3.0ms)[0m  CREATE TABLE "posts" ("id" serial primary key, "title" character varying(255), "body" text, "tags" character varying(255), "category_id" integer, "user_id" integer, "created_at" timestamp NOT NULL, "updated_at" timestamp NOT NULL) 
  [1m[36m (2.6ms)[0m  [1mCREATE TABLE "users" ("id" serial primary key, "first_name" character varying(255), "last_name" character varying(255), "created_at" timestamp NOT NULL, "updated_at" timestamp NOT NULL) [0m
  [1m[35m (0.8ms)[0m  CREATE TABLE "schema_migrations" ("version" character varying(255) NOT NULL) 
  [1m[36m (0.9ms)[0m  [1mCREATE UNIQUE INDEX "unique_schema_migrations" ON "schema_migrations" ("version")[0m
  [1m[35m (0.2ms)[0m  SELECT version FROM "schema_migrations"
  [1m[36m (0.4ms)[0m  [1mINSERT INTO "schema_migrations" (version) VALUES ('20131015002637')[0m
  [1m[35m (0.4ms)[0m  INSERT INTO "schema_migrations" (version) VALUES ('20131015002153')
  [1m[36m (0.3ms)[0m  [1mINSERT INTO "schema_migrations" (version) VALUES ('20131015002323')[0m
  [1m[35m (0.3ms)[0m  INSERT INTO "schema_migrations" (version) VALUES ('20131015002541')


Started GET "/assets/rails.png" for 127.0.0.1 at 2013-10-14 18:39:08 -0600
Served asset /rails.png - 304 Not Modified (0ms)


Started GET "/assets/rails.png" for 127.0.0.1 at 2013-10-14 18:39:10 -0600
Served asset /rails.png - 304 Not Modified (0ms)


Started GET "/assets/rails.png" for 127.0.0.1 at 2013-10-14 18:39:12 -0600
Served asset /rails.png - 304 Not Modified (0ms)


Started GET "/posts" for 127.0.0.1 at 2013-10-14 18:46:11 -0600

ActionController::RoutingError (No route matches [GET] "/posts"):
  actionpack (3.2.14) lib/action_dispatch/middleware/debug_exceptions.rb:21:in `call'
  actionpack (3.2.14) lib/action_dispatch/middleware/show_exceptions.rb:56:in `call'
  railties (3.2.14) lib/rails/rack/logger.rb:32:in `call_app'
  railties (3.2.14) lib/rails/rack/logger.rb:16:in `block in call'
  activesupport (3.2.14) lib/active_support/tagged_logging.rb:22:in `tagged'
  railties (3.2.14) lib/rails/rack/logger.rb:16:in `call'
  actionpack (3.2.14) lib/action_dispatch/middleware/request_id.rb:22:in `call'
  rack (1.4.5) lib/rack/methodoverride.rb:21:in `call'
  rack (1.4.5) lib/rack/runtime.rb:17:in `call'
  activesupport (3.2.14) lib/active_support/cache/strategy/local_cache.rb:72:in `call'
  rack (1.4.5) lib/rack/lock.rb:15:in `call'
  actionpack (3.2.14) lib/action_dispatch/middleware/static.rb:63:in `call'
  railties (3.2.14) lib/rails/engine.rb:484:in `call'
  railties (3.2.14) lib/rails/application.rb:231:in `call'
  rack (1.4.5) lib/rack/content_length.rb:14:in `call'
  railties (3.2.14) lib/rails/rack/log_tailer.rb:17:in `call'
  rack (1.4.5) lib/rack/handler/webrick.rb:59:in `service'
  /Users/mdsouza/.rvm/rubies/ruby-2.0.0-p247/lib/ruby/2.0.0/webrick/httpserver.rb:138:in `service'
  /Users/mdsouza/.rvm/rubies/ruby-2.0.0-p247/lib/ruby/2.0.0/webrick/httpserver.rb:94:in `run'
  /Users/mdsouza/.rvm/rubies/ruby-2.0.0-p247/lib/ruby/2.0.0/webrick/server.rb:295:in `block in start_thread'


  Rendered /Users/mdsouza/.rvm/gems/ruby-2.0.0-p247@json-apis/gems/actionpack-3.2.14/lib/action_dispatch/middleware/templates/rescues/routing_error.erb within rescues/layout (1.1ms)


Started GET "/posts" for 127.0.0.1 at 2013-10-14 18:46:44 -0600
Processing by PostsController#index as HTML
  [1m[36mPost Load (0.3ms)[0m  [1mSELECT "posts".* FROM "posts" [0m
Completed 500 Internal Server Error in 18ms

ActionView::MissingTemplate (Missing template posts/index, application/index with {:locale=>[:en], :formats=>[:html], :handlers=>[:erb, :builder, :coffee]}. Searched in:
  * "/Users/mdsouza/rails_projects/jsonapis/app/views"
):
  actionpack (3.2.14) lib/action_view/path_set.rb:58:in `find'
  actionpack (3.2.14) lib/action_view/lookup_context.rb:115:in `find'
  actionpack (3.2.14) lib/action_view/renderer/abstract_renderer.rb:3:in `find_template'
  actionpack (3.2.14) lib/action_view/renderer/template_renderer.rb:35:in `determine_template'
  actionpack (3.2.14) lib/action_view/renderer/template_renderer.rb:10:in `render'
  actionpack (3.2.14) lib/action_view/renderer/renderer.rb:36:in `render_template'
  actionpack (3.2.14) lib/action_view/renderer/renderer.rb:17:in `render'
  actionpack (3.2.14) lib/abstract_controller/rendering.rb:110:in `_render_template'
  actionpack (3.2.14) lib/action_controller/metal/streaming.rb:225:in `_render_template'
  actionpack (3.2.14) lib/abstract_controller/rendering.rb:103:in `render_to_body'
  actionpack (3.2.14) lib/action_controller/metal/renderers.rb:28:in `render_to_body'
  actionpack (3.2.14) lib/action_controller/metal/compatibility.rb:50:in `render_to_body'
  actionpack (3.2.14) lib/abstract_controller/rendering.rb:88:in `render'
  actionpack (3.2.14) lib/action_controller/metal/rendering.rb:16:in `render'
  actionpack (3.2.14) lib/action_controller/metal/instrumentation.rb:40:in `block (2 levels) in render'
  activesupport (3.2.14) lib/active_support/core_ext/benchmark.rb:5:in `block in ms'
  /Users/mdsouza/.rvm/rubies/ruby-2.0.0-p247/lib/ruby/2.0.0/benchmark.rb:296:in `realtime'
  activesupport (3.2.14) lib/active_support/core_ext/benchmark.rb:5:in `ms'
  actionpack (3.2.14) lib/action_controller/metal/instrumentation.rb:40:in `block in render'
  actionpack (3.2.14) lib/action_controller/metal/instrumentation.rb:83:in `cleanup_view_runtime'
  activerecord (3.2.14) lib/active_record/railties/controller_runtime.rb:24:in `cleanup_view_runtime'
  actionpack (3.2.14) lib/action_controller/metal/instrumentation.rb:39:in `render'
  actionpack (3.2.14) lib/action_controller/metal/implicit_render.rb:10:in `default_render'
  actionpack (3.2.14) lib/action_controller/metal/implicit_render.rb:5:in `send_action'
  actionpack (3.2.14) lib/abstract_controller/base.rb:167:in `process_action'
  actionpack (3.2.14) lib/action_controller/metal/rendering.rb:10:in `process_action'
  actionpack (3.2.14) lib/abstract_controller/callbacks.rb:18:in `block in process_action'
  activesupport (3.2.14) lib/active_support/callbacks.rb:414:in `_run__757075034105907408__process_action__4514954326417509920__callbacks'
  activesupport (3.2.14) lib/active_support/callbacks.rb:405:in `__run_callback'
  activesupport (3.2.14) lib/active_support/callbacks.rb:385:in `_run_process_action_callbacks'
  activesupport (3.2.14) lib/active_support/callbacks.rb:81:in `run_callbacks'
  actionpack (3.2.14) lib/abstract_controller/callbacks.rb:17:in `process_action'
  actionpack (3.2.14) lib/action_controller/metal/rescue.rb:29:in `process_action'
  actionpack (3.2.14) lib/action_controller/metal/instrumentation.rb:30:in `block in process_action'
  activesupport (3.2.14) lib/active_support/notifications.rb:123:in `block in instrument'
  activesupport (3.2.14) lib/active_support/notifications/instrumenter.rb:20:in `instrument'
  activesupport (3.2.14) lib/active_support/notifications.rb:123:in `instrument'
  actionpack (3.2.14) lib/action_controller/metal/instrumentation.rb:29:in `process_action'
  actionpack (3.2.14) lib/action_controller/metal/params_wrapper.rb:207:in `process_action'
  activerecord (3.2.14) lib/active_record/railties/controller_runtime.rb:18:in `process_action'
  actionpack (3.2.14) lib/abstract_controller/base.rb:121:in `process'
  actionpack (3.2.14) lib/abstract_controller/rendering.rb:45:in `process'
  actionpack (3.2.14) lib/action_controller/metal.rb:203:in `dispatch'
  actionpack (3.2.14) lib/action_controller/metal/rack_delegation.rb:14:in `dispatch'
  actionpack (3.2.14) lib/action_controller/metal.rb:246:in `block in action'
  actionpack (3.2.14) lib/action_dispatch/routing/route_set.rb:73:in `call'
  actionpack (3.2.14) lib/action_dispatch/routing/route_set.rb:73:in `dispatch'
  actionpack (3.2.14) lib/action_dispatch/routing/route_set.rb:36:in `call'
  journey (1.0.4) lib/journey/router.rb:68:in `block in call'
  journey (1.0.4) lib/journey/router.rb:56:in `each'
  journey (1.0.4) lib/journey/router.rb:56:in `call'
  actionpack (3.2.14) lib/action_dispatch/routing/route_set.rb:608:in `call'
  actionpack (3.2.14) lib/action_dispatch/middleware/best_standards_support.rb:17:in `call'
  rack (1.4.5) lib/rack/etag.rb:23:in `call'
  rack (1.4.5) lib/rack/conditionalget.rb:25:in `call'
  actionpack (3.2.14) lib/action_dispatch/middleware/head.rb:14:in `call'
  actionpack (3.2.14) lib/action_dispatch/middleware/params_parser.rb:21:in `call'
  actionpack (3.2.14) lib/action_dispatch/middleware/flash.rb:242:in `call'
  rack (1.4.5) lib/rack/session/abstract/id.rb:210:in `context'
  rack (1.4.5) lib/rack/session/abstract/id.rb:205:in `call'
  actionpack (3.2.14) lib/action_dispatch/middleware/cookies.rb:341:in `call'
  activerecord (3.2.14) lib/active_record/query_cache.rb:64:in `call'
  activerecord (3.2.14) lib/active_record/connection_adapters/abstract/connection_pool.rb:479:in `call'
  actionpack (3.2.14) lib/action_dispatch/middleware/callbacks.rb:28:in `block in call'
  activesupport (3.2.14) lib/active_support/callbacks.rb:405:in `_run__2737803886627142689__call__870883924827016998__callbacks'
  activesupport (3.2.14) lib/active_support/callbacks.rb:405:in `__run_callback'
  activesupport (3.2.14) lib/active_support/callbacks.rb:385:in `_run_call_callbacks'
  activesupport (3.2.14) lib/active_support/callbacks.rb:81:in `run_callbacks'
  actionpack (3.2.14) lib/action_dispatch/middleware/callbacks.rb:27:in `call'
  actionpack (3.2.14) lib/action_dispatch/middleware/reloader.rb:65:in `call'
  actionpack (3.2.14) lib/action_dispatch/middleware/remote_ip.rb:31:in `call'
  actionpack (3.2.14) lib/action_dispatch/middleware/debug_exceptions.rb:16:in `call'
  actionpack (3.2.14) lib/action_dispatch/middleware/show_exceptions.rb:56:in `call'
  railties (3.2.14) lib/rails/rack/logger.rb:32:in `call_app'
  railties (3.2.14) lib/rails/rack/logger.rb:16:in `block in call'
  activesupport (3.2.14) lib/active_support/tagged_logging.rb:22:in `tagged'
  railties (3.2.14) lib/rails/rack/logger.rb:16:in `call'
  actionpack (3.2.14) lib/action_dispatch/middleware/request_id.rb:22:in `call'
  rack (1.4.5) lib/rack/methodoverride.rb:21:in `call'
  rack (1.4.5) lib/rack/runtime.rb:17:in `call'
  activesupport (3.2.14) lib/active_support/cache/strategy/local_cache.rb:72:in `call'
  rack (1.4.5) lib/rack/lock.rb:15:in `call'
  actionpack (3.2.14) lib/action_dispatch/middleware/static.rb:63:in `call'
  railties (3.2.14) lib/rails/engine.rb:484:in `call'
  railties (3.2.14) lib/rails/application.rb:231:in `call'
  rack (1.4.5) lib/rack/content_length.rb:14:in `call'
  railties (3.2.14) lib/rails/rack/log_tailer.rb:17:in `call'
  rack (1.4.5) lib/rack/handler/webrick.rb:59:in `service'
  /Users/mdsouza/.rvm/rubies/ruby-2.0.0-p247/lib/ruby/2.0.0/webrick/httpserver.rb:138:in `service'
  /Users/mdsouza/.rvm/rubies/ruby-2.0.0-p247/lib/ruby/2.0.0/webrick/httpserver.rb:94:in `run'
  /Users/mdsouza/.rvm/rubies/ruby-2.0.0-p247/lib/ruby/2.0.0/webrick/server.rb:295:in `block in start_thread'


  Rendered /Users/mdsouza/.rvm/gems/ruby-2.0.0-p247@json-apis/gems/actionpack-3.2.14/lib/action_dispatch/middleware/templates/rescues/missing_template.erb within rescues/layout (0.4ms)


Started GET "/posts" for 127.0.0.1 at 2013-10-14 18:47:30 -0600
Processing by PostsController#index as HTML
  [1m[35mPost Load (0.2ms)[0m  SELECT "posts".* FROM "posts" 
Completed 500 Internal Server Error in 1ms

ActionView::MissingTemplate (Missing template posts/index, application/index with {:locale=>[:en], :formats=>[:html], :handlers=>[:erb, :builder, :coffee]}. Searched in:
  * "/Users/mdsouza/rails_projects/jsonapis/app/views"
):
  actionpack (3.2.14) lib/action_view/path_set.rb:58:in `find'
  actionpack (3.2.14) lib/action_view/lookup_context.rb:115:in `find'
  actionpack (3.2.14) lib/action_view/renderer/abstract_renderer.rb:3:in `find_template'
  actionpack (3.2.14) lib/action_view/renderer/template_renderer.rb:35:in `determine_template'
  actionpack (3.2.14) lib/action_view/renderer/template_renderer.rb:10:in `render'
  actionpack (3.2.14) lib/action_view/renderer/renderer.rb:36:in `render_template'
  actionpack (3.2.14) lib/action_view/renderer/renderer.rb:17:in `render'
  actionpack (3.2.14) lib/abstract_controller/rendering.rb:110:in `_render_template'
  actionpack (3.2.14) lib/action_controller/metal/streaming.rb:225:in `_render_template'
  actionpack (3.2.14) lib/abstract_controller/rendering.rb:103:in `render_to_body'
  actionpack (3.2.14) lib/action_controller/metal/renderers.rb:28:in `render_to_body'
  actionpack (3.2.14) lib/action_controller/metal/compatibility.rb:50:in `render_to_body'
  actionpack (3.2.14) lib/abstract_controller/rendering.rb:88:in `render'
  actionpack (3.2.14) lib/action_controller/metal/rendering.rb:16:in `render'
  actionpack (3.2.14) lib/action_controller/metal/instrumentation.rb:40:in `block (2 levels) in render'
  activesupport (3.2.14) lib/active_support/core_ext/benchmark.rb:5:in `block in ms'
  /Users/mdsouza/.rvm/rubies/ruby-2.0.0-p247/lib/ruby/2.0.0/benchmark.rb:296:in `realtime'
  activesupport (3.2.14) lib/active_support/core_ext/benchmark.rb:5:in `ms'
  actionpack (3.2.14) lib/action_controller/metal/instrumentation.rb:40:in `block in render'
  actionpack (3.2.14) lib/action_controller/metal/instrumentation.rb:83:in `cleanup_view_runtime'
  activerecord (3.2.14) lib/active_record/railties/controller_runtime.rb:24:in `cleanup_view_runtime'
  actionpack (3.2.14) lib/action_controller/metal/instrumentation.rb:39:in `render'
  actionpack (3.2.14) lib/action_controller/metal/implicit_render.rb:10:in `default_render'
  actionpack (3.2.14) lib/action_controller/metal/implicit_render.rb:5:in `send_action'
  actionpack (3.2.14) lib/abstract_controller/base.rb:167:in `process_action'
  actionpack (3.2.14) lib/action_controller/metal/rendering.rb:10:in `process_action'
  actionpack (3.2.14) lib/abstract_controller/callbacks.rb:18:in `block in process_action'
  activesupport (3.2.14) lib/active_support/callbacks.rb:414:in `_run__757075034105907408__process_action__4514954326417509920__callbacks'
  activesupport (3.2.14) lib/active_support/callbacks.rb:405:in `__run_callback'
  activesupport (3.2.14) lib/active_support/callbacks.rb:385:in `_run_process_action_callbacks'
  activesupport (3.2.14) lib/active_support/callbacks.rb:81:in `run_callbacks'
  actionpack (3.2.14) lib/abstract_controller/callbacks.rb:17:in `process_action'
  actionpack (3.2.14) lib/action_controller/metal/rescue.rb:29:in `process_action'
  actionpack (3.2.14) lib/action_controller/metal/instrumentation.rb:30:in `block in process_action'
  activesupport (3.2.14) lib/active_support/notifications.rb:123:in `block in instrument'
  activesupport (3.2.14) lib/active_support/notifications/instrumenter.rb:20:in `instrument'
  activesupport (3.2.14) lib/active_support/notifications.rb:123:in `instrument'
  actionpack (3.2.14) lib/action_controller/metal/instrumentation.rb:29:in `process_action'
  actionpack (3.2.14) lib/action_controller/metal/params_wrapper.rb:207:in `process_action'
  activerecord (3.2.14) lib/active_record/railties/controller_runtime.rb:18:in `process_action'
  actionpack (3.2.14) lib/abstract_controller/base.rb:121:in `process'
  actionpack (3.2.14) lib/abstract_controller/rendering.rb:45:in `process'
  actionpack (3.2.14) lib/action_controller/metal.rb:203:in `dispatch'
  actionpack (3.2.14) lib/action_controller/metal/rack_delegation.rb:14:in `dispatch'
  actionpack (3.2.14) lib/action_controller/metal.rb:246:in `block in action'
  actionpack (3.2.14) lib/action_dispatch/routing/route_set.rb:73:in `call'
  actionpack (3.2.14) lib/action_dispatch/routing/route_set.rb:73:in `dispatch'
  actionpack (3.2.14) lib/action_dispatch/routing/route_set.rb:36:in `call'
  journey (1.0.4) lib/journey/router.rb:68:in `block in call'
  journey (1.0.4) lib/journey/router.rb:56:in `each'
  journey (1.0.4) lib/journey/router.rb:56:in `call'
  actionpack (3.2.14) lib/action_dispatch/routing/route_set.rb:608:in `call'
  actionpack (3.2.14) lib/action_dispatch/middleware/best_standards_support.rb:17:in `call'
  rack (1.4.5) lib/rack/etag.rb:23:in `call'
  rack (1.4.5) lib/rack/conditionalget.rb:25:in `call'
  actionpack (3.2.14) lib/action_dispatch/middleware/head.rb:14:in `call'
  actionpack (3.2.14) lib/action_dispatch/middleware/params_parser.rb:21:in `call'
  actionpack (3.2.14) lib/action_dispatch/middleware/flash.rb:242:in `call'
  rack (1.4.5) lib/rack/session/abstract/id.rb:210:in `context'
  rack (1.4.5) lib/rack/session/abstract/id.rb:205:in `call'
  actionpack (3.2.14) lib/action_dispatch/middleware/cookies.rb:341:in `call'
  activerecord (3.2.14) lib/active_record/query_cache.rb:64:in `call'
  activerecord (3.2.14) lib/active_record/connection_adapters/abstract/connection_pool.rb:479:in `call'
  actionpack (3.2.14) lib/action_dispatch/middleware/callbacks.rb:28:in `block in call'
  activesupport (3.2.14) lib/active_support/callbacks.rb:405:in `_run__2737803886627142689__call__870883924827016998__callbacks'
  activesupport (3.2.14) lib/active_support/callbacks.rb:405:in `__run_callback'
  activesupport (3.2.14) lib/active_support/callbacks.rb:385:in `_run_call_callbacks'
  activesupport (3.2.14) lib/active_support/callbacks.rb:81:in `run_callbacks'
  actionpack (3.2.14) lib/action_dispatch/middleware/callbacks.rb:27:in `call'
  actionpack (3.2.14) lib/action_dispatch/middleware/reloader.rb:65:in `call'
  actionpack (3.2.14) lib/action_dispatch/middleware/remote_ip.rb:31:in `call'
  actionpack (3.2.14) lib/action_dispatch/middleware/debug_exceptions.rb:16:in `call'
  actionpack (3.2.14) lib/action_dispatch/middleware/show_exceptions.rb:56:in `call'
  railties (3.2.14) lib/rails/rack/logger.rb:32:in `call_app'
  railties (3.2.14) lib/rails/rack/logger.rb:16:in `block in call'
  activesupport (3.2.14) lib/active_support/tagged_logging.rb:22:in `tagged'
  railties (3.2.14) lib/rails/rack/logger.rb:16:in `call'
  actionpack (3.2.14) lib/action_dispatch/middleware/request_id.rb:22:in `call'
  rack (1.4.5) lib/rack/methodoverride.rb:21:in `call'
  rack (1.4.5) lib/rack/runtime.rb:17:in `call'
  activesupport (3.2.14) lib/active_support/cache/strategy/local_cache.rb:72:in `call'
  rack (1.4.5) lib/rack/lock.rb:15:in `call'
  actionpack (3.2.14) lib/action_dispatch/middleware/static.rb:63:in `call'
  railties (3.2.14) lib/rails/engine.rb:484:in `call'
  railties (3.2.14) lib/rails/application.rb:231:in `call'
  rack (1.4.5) lib/rack/content_length.rb:14:in `call'
  railties (3.2.14) lib/rails/rack/log_tailer.rb:17:in `call'
  rack (1.4.5) lib/rack/handler/webrick.rb:59:in `service'
  /Users/mdsouza/.rvm/rubies/ruby-2.0.0-p247/lib/ruby/2.0.0/webrick/httpserver.rb:138:in `service'
  /Users/mdsouza/.rvm/rubies/ruby-2.0.0-p247/lib/ruby/2.0.0/webrick/httpserver.rb:94:in `run'
  /Users/mdsouza/.rvm/rubies/ruby-2.0.0-p247/lib/ruby/2.0.0/webrick/server.rb:295:in `block in start_thread'


  Rendered /Users/mdsouza/.rvm/gems/ruby-2.0.0-p247@json-apis/gems/actionpack-3.2.14/lib/action_dispatch/middleware/templates/rescues/missing_template.erb within rescues/layout (0.4ms)


Started GET "/posts" for 127.0.0.1 at 2013-10-14 18:48:23 -0600
Processing by PostsController#index as HTML
  [1m[36mPost Load (0.2ms)[0m  [1mSELECT "posts".* FROM "posts" [0m
Completed 406 Not Acceptable in 3ms (ActiveRecord: 1.6ms)
Connecting to database specified by database.yml
  [1m[36m (0.3ms)[0m  [1mSELECT "schema_migrations"."version" FROM "schema_migrations" [0m
  [1m[35m (0.1ms)[0m  BEGIN
  [1m[36mSQL (6.9ms)[0m  [1mINSERT INTO "categories" ("created_at", "description", "name", "updated_at") VALUES ($1, $2, $3, $4) RETURNING "id"[0m  [["created_at", Tue, 15 Oct 2013 01:02:02 UTC +00:00], ["description", "Around the world forever"], ["name", "Travel"], ["updated_at", Tue, 15 Oct 2013 01:02:02 UTC +00:00]]
  [1m[35m (0.3ms)[0m  COMMIT
  [1m[36m (0.1ms)[0m  [1mBEGIN[0m
  [1m[35mSQL (0.4ms)[0m  INSERT INTO "categories" ("created_at", "description", "name", "updated_at") VALUES ($1, $2, $3, $4) RETURNING "id"  [["created_at", Tue, 15 Oct 2013 01:02:02 UTC +00:00], ["description", "Nom nom nom nom"], ["name", "Food"], ["updated_at", Tue, 15 Oct 2013 01:02:02 UTC +00:00]]
  [1m[36m (0.3ms)[0m  [1mCOMMIT[0m
  [1m[35m (0.1ms)[0m  BEGIN
  [1m[36mSQL (0.2ms)[0m  [1mINSERT INTO "categories" ("created_at", "description", "name", "updated_at") VALUES ($1, $2, $3, $4) RETURNING "id"[0m  [["created_at", Tue, 15 Oct 2013 01:02:02 UTC +00:00], ["description", "Now for something completely serious"], ["name", "Work"], ["updated_at", Tue, 15 Oct 2013 01:02:02 UTC +00:00]]
  [1m[35m (0.3ms)[0m  COMMIT
  [1m[36m (0.1ms)[0m  [1mBEGIN[0m
  [1m[35mSQL (2.1ms)[0m  INSERT INTO "users" ("created_at", "first_name", "last_name", "updated_at") VALUES ($1, $2, $3, $4) RETURNING "id"  [["created_at", Tue, 15 Oct 2013 01:02:02 UTC +00:00], ["first_name", "Michelle"], ["last_name", "D'Souza"], ["updated_at", Tue, 15 Oct 2013 01:02:02 UTC +00:00]]
  [1m[36m (0.3ms)[0m  [1mCOMMIT[0m
  [1m[35m (0.1ms)[0m  BEGIN
  [1m[36mSQL (0.3ms)[0m  [1mINSERT INTO "users" ("created_at", "first_name", "last_name", "updated_at") VALUES ($1, $2, $3, $4) RETURNING "id"[0m  [["created_at", Tue, 15 Oct 2013 01:02:02 UTC +00:00], ["first_name", "Eric"], ["last_name", "Chernuka"], ["updated_at", Tue, 15 Oct 2013 01:02:02 UTC +00:00]]
  [1m[35m (0.2ms)[0m  COMMIT
  [1m[36m (0.1ms)[0m  [1mBEGIN[0m
  [1m[35mSQL (0.2ms)[0m  INSERT INTO "users" ("created_at", "first_name", "last_name", "updated_at") VALUES ($1, $2, $3, $4) RETURNING "id"  [["created_at", Tue, 15 Oct 2013 01:02:02 UTC +00:00], ["first_name", "John"], ["last_name", "Doe"], ["updated_at", Tue, 15 Oct 2013 01:02:02 UTC +00:00]]
  [1m[36m (0.2ms)[0m  [1mCOMMIT[0m
Connecting to database specified by database.yml
  [1m[36m (0.3ms)[0m  [1mSELECT "schema_migrations"."version" FROM "schema_migrations" [0m
  [1m[35m (0.1ms)[0m  BEGIN
  [1m[36mSQL (2.9ms)[0m  [1mINSERT INTO "categories" ("created_at", "description", "name", "updated_at") VALUES ($1, $2, $3, $4) RETURNING "id"[0m  [["created_at", Tue, 15 Oct 2013 01:02:55 UTC +00:00], ["description", "Around the world forever"], ["name", "Travel"], ["updated_at", Tue, 15 Oct 2013 01:02:55 UTC +00:00]]
  [1m[35m (0.3ms)[0m  COMMIT
  [1m[36m (0.1ms)[0m  [1mBEGIN[0m
  [1m[35mSQL (0.3ms)[0m  INSERT INTO "categories" ("created_at", "description", "name", "updated_at") VALUES ($1, $2, $3, $4) RETURNING "id"  [["created_at", Tue, 15 Oct 2013 01:02:55 UTC +00:00], ["description", "Nom nom nom nom"], ["name", "Food"], ["updated_at", Tue, 15 Oct 2013 01:02:55 UTC +00:00]]
  [1m[36m (0.2ms)[0m  [1mCOMMIT[0m
  [1m[35m (0.1ms)[0m  BEGIN
  [1m[36mSQL (0.3ms)[0m  [1mINSERT INTO "categories" ("created_at", "description", "name", "updated_at") VALUES ($1, $2, $3, $4) RETURNING "id"[0m  [["created_at", Tue, 15 Oct 2013 01:02:55 UTC +00:00], ["description", "Now for something completely serious"], ["name", "Work"], ["updated_at", Tue, 15 Oct 2013 01:02:55 UTC +00:00]]
  [1m[35m (0.3ms)[0m  COMMIT
  [1m[36m (0.1ms)[0m  [1mBEGIN[0m
  [1m[35mSQL (0.7ms)[0m  INSERT INTO "users" ("created_at", "first_name", "last_name", "updated_at") VALUES ($1, $2, $3, $4) RETURNING "id"  [["created_at", Tue, 15 Oct 2013 01:02:55 UTC +00:00], ["first_name", "Michelle"], ["last_name", "D'Souza"], ["updated_at", Tue, 15 Oct 2013 01:02:55 UTC +00:00]]
  [1m[36m (0.3ms)[0m  [1mCOMMIT[0m
  [1m[35m (0.1ms)[0m  BEGIN
  [1m[36mSQL (0.3ms)[0m  [1mINSERT INTO "users" ("created_at", "first_name", "last_name", "updated_at") VALUES ($1, $2, $3, $4) RETURNING "id"[0m  [["created_at", Tue, 15 Oct 2013 01:02:55 UTC +00:00], ["first_name", "Eric"], ["last_name", "Chernuka"], ["updated_at", Tue, 15 Oct 2013 01:02:55 UTC +00:00]]
  [1m[35m (0.4ms)[0m  COMMIT
  [1m[36m (0.1ms)[0m  [1mBEGIN[0m
  [1m[35mSQL (0.3ms)[0m  INSERT INTO "users" ("created_at", "first_name", "last_name", "updated_at") VALUES ($1, $2, $3, $4) RETURNING "id"  [["created_at", Tue, 15 Oct 2013 01:02:55 UTC +00:00], ["first_name", "John"], ["last_name", "Doe"], ["updated_at", Tue, 15 Oct 2013 01:02:55 UTC +00:00]]
  [1m[36m (0.2ms)[0m  [1mCOMMIT[0m
  [1m[35m (0.1ms)[0m  BEGIN
  [1m[36mSQL (2.1ms)[0m  [1mINSERT INTO "posts" ("body", "category_id", "created_at", "tags", "title", "updated_at", "user_id") VALUES ($1, $2, $3, $4, $5, $6, $7) RETURNING "id"[0m  [["body", "Kangaroos, Koalas, and Emus"], ["category_id", 4], ["created_at", Tue, 15 Oct 2013 01:02:55 UTC +00:00], ["tags", "australia, animals"], ["title", "Australia"], ["updated_at", Tue, 15 Oct 2013 01:02:55 UTC +00:00], ["user_id", 4]]
  [1m[35m (0.3ms)[0m  COMMIT
  [1m[36m (0.1ms)[0m  [1mBEGIN[0m
  [1m[35mSQL (0.4ms)[0m  INSERT INTO "posts" ("body", "category_id", "created_at", "tags", "title", "updated_at", "user_id") VALUES ($1, $2, $3, $4, $5, $6, $7) RETURNING "id"  [["body", "Art, architecture, and sculptures"], ["category_id", 4], ["created_at", Tue, 15 Oct 2013 01:02:55 UTC +00:00], ["tags", "italy, art"], ["title", "Italy"], ["updated_at", Tue, 15 Oct 2013 01:02:55 UTC +00:00], ["user_id", 4]]
  [1m[36m (0.3ms)[0m  [1mCOMMIT[0m
  [1m[35m (0.1ms)[0m  BEGIN
  [1m[36mSQL (0.2ms)[0m  [1mINSERT INTO "posts" ("body", "category_id", "created_at", "tags", "title", "updated_at", "user_id") VALUES ($1, $2, $3, $4, $5, $6, $7) RETURNING "id"[0m  [["body", "So many good restaurants, so little time"], ["category_id", 5], ["created_at", Tue, 15 Oct 2013 01:02:55 UTC +00:00], ["tags", "calgary, food"], ["title", "Calgary eats"], ["updated_at", Tue, 15 Oct 2013 01:02:55 UTC +00:00], ["user_id", 4]]
  [1m[35m (0.2ms)[0m  COMMIT
  [1m[36m (0.1ms)[0m  [1mBEGIN[0m
  [1m[35mSQL (0.3ms)[0m  INSERT INTO "posts" ("body", "category_id", "created_at", "tags", "title", "updated_at", "user_id") VALUES ($1, $2, $3, $4, $5, $6, $7) RETURNING "id"  [["body", "RABLing, Serializing and JBuilding better APIs"], ["category_id", 6], ["created_at", Tue, 15 Oct 2013 01:02:55 UTC +00:00], ["tags", "rabl, serializers, jbuilder"], ["title", "JSON APIs"], ["updated_at", Tue, 15 Oct 2013 01:02:55 UTC +00:00], ["user_id", 4]]
  [1m[36m (0.2ms)[0m  [1mCOMMIT[0m
  [1m[35m (0.2ms)[0m  BEGIN
  [1m[36mSQL (2.1ms)[0m  [1mINSERT INTO "likes" ("created_at", "post_id", "updated_at", "user_id") VALUES ($1, $2, $3, $4) RETURNING "id"[0m  [["created_at", Tue, 15 Oct 2013 01:02:55 UTC +00:00], ["post_id", 1], ["updated_at", Tue, 15 Oct 2013 01:02:55 UTC +00:00], ["user_id", 5]]
  [1m[35m (0.3ms)[0m  COMMIT
  [1m[36m (0.1ms)[0m  [1mBEGIN[0m
  [1m[35mSQL (0.5ms)[0m  INSERT INTO "likes" ("created_at", "post_id", "updated_at", "user_id") VALUES ($1, $2, $3, $4) RETURNING "id"  [["created_at", Tue, 15 Oct 2013 01:02:55 UTC +00:00], ["post_id", 2], ["updated_at", Tue, 15 Oct 2013 01:02:55 UTC +00:00], ["user_id", 5]]
  [1m[36m (0.3ms)[0m  [1mCOMMIT[0m
  [1m[35m (0.2ms)[0m  BEGIN
  [1m[36mSQL (0.3ms)[0m  [1mINSERT INTO "likes" ("created_at", "post_id", "updated_at", "user_id") VALUES ($1, $2, $3, $4) RETURNING "id"[0m  [["created_at", Tue, 15 Oct 2013 01:02:55 UTC +00:00], ["post_id", 4], ["updated_at", Tue, 15 Oct 2013 01:02:55 UTC +00:00], ["user_id", 6]]
  [1m[35m (0.3ms)[0m  COMMIT


Started GET "/posts" for 127.0.0.1 at 2013-10-14 19:02:59 -0600
Processing by PostsController#index as HTML
  [1m[35mPost Load (0.6ms)[0m  SELECT "posts".* FROM "posts" 
Completed 406 Not Acceptable in 46ms (ActiveRecord: 2.2ms)


Started GET "/posts" for 127.0.0.1 at 2013-10-14 19:03:02 -0600
Processing by PostsController#index as HTML
  [1m[36mPost Load (0.2ms)[0m  [1mSELECT "posts".* FROM "posts" [0m
Completed 406 Not Acceptable in 1ms (ActiveRecord: 0.2ms)


Started GET "/posts" for 127.0.0.1 at 2013-10-14 19:03:55 -0600
Connecting to database specified by database.yml
Processing by PostsController#index as HTML
  [1m[36mPost Load (0.6ms)[0m  [1mSELECT "posts".* FROM "posts" [0m
Completed 500 Internal Server Error in 24ms

RuntimeError ([#<Post id: 1, title: "Australia", body: "Kangaroos, Koalas, and Emus", tags: "australia, animals", category_id: 4, user_id: 4, created_at: "2013-10-15 01:02:55", updated_at: "2013-10-15 01:02:55">, #<Post id: 2, title: "Italy", body: "Art, architecture, and sculptures", tags: "italy, art", category_id: 4, user_id: 4, created_at: "2013-10-15 01:02:55", updated_at: "2013-10-15 01:02:55">, #<Post id: 3, title: "Calgary eats", body: "So many good restaurants, so little time", tags: "calgary, food", category_id: 5, user_id: 4, created_at: "2013-10-15 01:02:55", updated_at: "2013-10-15 01:02:55">, #<Post id: 4, title: "JSON APIs", body: "RABLing, Serializing and JBuilding better APIs", tags: "rabl, serializers, jbuilder", category_id: 6, user_id: 4, created_at: "2013-10-15 01:02:55", updated_at: "2013-10-15 01:02:55">]):
  app/controllers/posts_controller.rb:5:in `index'


  Rendered /Users/mdsouza/.rvm/gems/ruby-2.0.0-p247@json-apis/gems/actionpack-3.2.14/lib/action_dispatch/middleware/templates/rescues/_trace.erb (1.0ms)
  Rendered /Users/mdsouza/.rvm/gems/ruby-2.0.0-p247@json-apis/gems/actionpack-3.2.14/lib/action_dispatch/middleware/templates/rescues/_request_and_response.erb (0.7ms)
  Rendered /Users/mdsouza/.rvm/gems/ruby-2.0.0-p247@json-apis/gems/actionpack-3.2.14/lib/action_dispatch/middleware/templates/rescues/diagnostics.erb within rescues/layout (7.4ms)


Started GET "/posts" for 127.0.0.1 at 2013-10-14 19:05:00 -0600
Processing by PostsController#index as HTML
  [1m[35mPost Load (0.2ms)[0m  SELECT "posts".* FROM "posts" 
Completed 406 Not Acceptable in 9ms (ActiveRecord: 1.5ms)
